<?xml version="1.0" encoding="UTF-8"?>
<!-- Generated by org.testng.reporters.JUnitXMLReporter -->
<testsuite hostname="LAPTOP-4RLFGVFV" ignored="0" name="Test" tests="2" failures="1" timestamp="25 Apr 2024 18:43:14 GMT" time="8.958" errors="0">
  <testcase name="tc_001VerifyTitle" time="1.306" classname="com.test.GoogleSearchButtonTest"/>
  <testcase name="tc_002VerifyTitle" time="1.256" classname="com.test.GoogleSearchButtonTest">
    <failure type="java.lang.AssertionError" message="expected [Selenium WebDriver | Google Search] but found [Selenium WebDriver - Google Search]">
      <![CDATA[java.lang.AssertionError: expected [Selenium WebDriver | Google Search] but found [Selenium WebDriver - Google Search]at com.test.GoogleSearchButtonTest.tc_002VerifyTitle(GoogleSearchButtonTest.java:37)... Removed 31 stack frames]]>
    </failure>
  </testcase> <!-- tc_002VerifyTitle -->
</testsuite> <!-- Test -->
