<?xml version="1.0" encoding="UTF-8"?>
<testng-results skipped="0" failed="1" ignored="0" total="2" passed="1">
  <reporter-output>
  </reporter-output>
  <suite name="Suite" duration-ms="8958" started-at="2024-04-25T18:43:05Z" finished-at="2024-04-25T18:43:14Z">
    <groups>
    </groups>
    <test name="Test" duration-ms="8958" started-at="2024-04-25T18:43:05Z" finished-at="2024-04-25T18:43:14Z">
      <class name="com.test.GoogleSearchButtonTest">
        <test-method status="PASS" signature="openBrowser()[pri:0, instance:com.test.GoogleSearchButtonTest@5b87ed94]" name="openBrowser" is-config="true" duration-ms="3392" started-at="2024-04-26T00:13:05Z" finished-at="2024-04-26T00:13:08Z">
          <reporter-output>
          </reporter-output>
        </test-method> <!-- openBrowser -->
        <test-method status="PASS" signature="tc_001VerifyTitle()[pri:1, instance:com.test.GoogleSearchButtonTest@5b87ed94]" name="tc_001VerifyTitle" duration-ms="1306" started-at="2024-04-26T00:13:08Z" finished-at="2024-04-26T00:13:09Z">
          <reporter-output>
          </reporter-output>
        </test-method> <!-- tc_001VerifyTitle -->
        <test-method status="PASS" signature="openBrowser()[pri:0, instance:com.test.GoogleSearchButtonTest@5b87ed94]" name="openBrowser" is-config="true" duration-ms="2774" started-at="2024-04-26T00:13:09Z" finished-at="2024-04-26T00:13:12Z">
          <reporter-output>
          </reporter-output>
        </test-method> <!-- openBrowser -->
        <test-method status="FAIL" signature="tc_002VerifyTitle()[pri:2, instance:com.test.GoogleSearchButtonTest@5b87ed94]" name="tc_002VerifyTitle" duration-ms="1256" started-at="2024-04-26T00:13:12Z" finished-at="2024-04-26T00:13:13Z">
          <exception class="java.lang.AssertionError">
            <message>
              <![CDATA[expected [Selenium WebDriver | Google Search] but found [Selenium WebDriver - Google Search]]]>
            </message>
            <full-stacktrace>
              <![CDATA[java.lang.AssertionError: expected [Selenium WebDriver | Google Search] but found [Selenium WebDriver - Google Search]at org.testng.Assert.fail(Assert.java:96)at org.testng.Assert.failNotEquals(Assert.java:776)at org.testng.Assert.assertEqualsImpl(Assert.java:137)at org.testng.Assert.assertEquals(Assert.java:118)at org.testng.Assert.assertEquals(Assert.java:453)at org.testng.Assert.assertEquals(Assert.java:463)at com.test.GoogleSearchButtonTest.tc_002VerifyTitle(GoogleSearchButtonTest.java:37)at sun.reflect.NativeMethodAccessorImpl.invoke0(Native Method)at sun.reflect.NativeMethodAccessorImpl.invoke(NativeMethodAccessorImpl.java:62)at sun.reflect.DelegatingMethodAccessorImpl.invoke(DelegatingMethodAccessorImpl.java:43)at java.lang.reflect.Method.invoke(Method.java:498)at org.testng.internal.MethodInvocationHelper.invokeMethod(MethodInvocationHelper.java:124)at org.testng.internal.Invoker.invokeMethod(Invoker.java:571)at org.testng.internal.Invoker.invokeTestMethod(Invoker.java:707)at org.testng.internal.Invoker.invokeTestMethods(Invoker.java:979)at org.testng.internal.TestMethodWorker.invokeTestMethods(TestMethodWorker.java:125)at org.testng.internal.TestMethodWorker.run(TestMethodWorker.java:109)at org.testng.TestRunner.privateRun(TestRunner.java:648)at org.testng.TestRunner.run(TestRunner.java:505)at org.testng.SuiteRunner.runTest(SuiteRunner.java:455)at org.testng.SuiteRunner.runSequentially(SuiteRunner.java:450)at org.testng.SuiteRunner.privateRun(SuiteRunner.java:415)at org.testng.SuiteRunner.run(SuiteRunner.java:364)at org.testng.SuiteRunnerWorker.runSuite(SuiteRunnerWorker.java:52)at org.testng.SuiteRunnerWorker.run(SuiteRunnerWorker.java:84)at org.testng.TestNG.runSuitesSequentially(TestNG.java:1187)at org.testng.TestNG.runSuitesLocally(TestNG.java:1116)at org.testng.TestNG.runSuites(TestNG.java:1028)at org.testng.TestNG.run(TestNG.java:996)at org.testng.remote.AbstractRemoteTestNG.run(AbstractRemoteTestNG.java:114)at org.testng.remote.RemoteTestNG.initAndRun(RemoteTestNG.java:251)at org.testng.remote.RemoteTestNG.main(RemoteTestNG.java:77)]]>
            </full-stacktrace>
          </exception> <!-- java.lang.AssertionError -->
          <reporter-output>
          </reporter-output>
        </test-method> <!-- tc_002VerifyTitle -->
      </class> <!-- com.test.GoogleSearchButtonTest -->
    </test> <!-- Test -->
  </suite> <!-- Suite -->
</testng-results>
